System/MASS/android/.build/outputs/logs/manifest-merger-debug-report.txt
-- Merging decision tree log ---
manifest
ADDED from MASS\android\AndroidManifest.xml:2:1-100:12
	package
		ADDED from MASS\android\AndroidManifest.xml:2:70-96
	android:versionName
		ADDED from MASS\android\AndroidManifest.xml:2:152-177
		INJECTED from MASS\android\AndroidManifest.xml
		INJECTED from MASS\android\AndroidManifest.xml
	android:versionCode
		ADDED from MASS\android\AndroidManifest.xml:2:128-151
		INJECTED from MASS\android\AndroidManifest.xml
		INJECTED from MASS\android\AndroidManifest.xml
	xmlns:android
		ADDED from MASS\android\AndroidManifest.xml:2:11-69
	android:installLocation
		ADDED from MASS\android\AndroidManifest.xml:2:97-127
uses-sdk
ADDED from MASS\android\AndroidManifest.xml:4:5-43
	android:minSdkVersion
		ADDED from MASS\android\AndroidManifest.xml:4:15-41
supports-screens
ADDED from MASS\android\AndroidManifest.xml:6:5-135
	android:largeScreens
		ADDED from MASS\android\AndroidManifest.xml:6:49-76
	android:smallScreens
		ADDED from MASS\android\AndroidManifest.xml:6:106-133
	android:normalScreens
		ADDED from MASS\android\AndroidManifest.xml:6:77-105
	android:anyDensity
		ADDED from MASS\android\AndroidManifest.xml:6:23-48
uses-permission#android.permission.READ_EXTERNAL_STORAGE
ADDED from MASS\android\AndroidManifest.xml:21:5-79
	android:name
		ADDED from MASS\android\AndroidManifest.xml:21:22-77
uses-permission#android.permission.WRITE_EXTERNAL_STORAGE
ADDED from MASS\android\AndroidManifest.xml:22:5-80
	android:name
		ADDED from MASS\android\AndroidManifest.xml:22:22-78
application
ADDED from MASS\android\AndroidManifest.xml:26:5-96:19
	android:label
		ADDED from MASS\android\AndroidManifest.xml:26:147-179
	android:hardwareAccelerated
		ADDED from MASS\android\AndroidManifest.xml:26:82-116
	android:icon
		ADDED from MASS\android\AndroidManifest.xml:26:117-146
	android:name
		ADDED from MASS\android\AndroidManifest.xml:26:18-81
activity#com.mass.mainapp.QtActivityExtention
ADDED from MASS\android\AndroidManifest.xml:27:9-91:20
	android:screenOrientation
		ADDED from MASS\android\AndroidManifest.xml:27:261-300
	android:label
		ADDED from MASS\android\AndroidManifest.xml:27:209-229
	android:launchMode
		ADDED from MASS\android\AndroidManifest.xml:27:230-260
	android:configChanges
		ADDED from MASS\android\AndroidManifest.xml:27:55-208
	android:name
		ADDED from MASS\android\AndroidManifest.xml:27:19-54
intent-filter#android.intent.action.MAIN+android.intent.category.LAUNCHER
ADDED from MASS\android\AndroidManifest.xml:28:13-32:29
action#android.intent.action.MAIN
ADDED from MASS\android\AndroidManifest.xml:29:17-68
	android:name
		ADDED from MASS\android\AndroidManifest.xml:29:25-66
category#android.intent.category.LAUNCHER
ADDED from MASS\android\AndroidManifest.xml:31:17-76
	android:name
		ADDED from MASS\android\AndroidManifest.xml:31:27-74
meta-data#android.app.lib_name
ADDED from MASS\android\AndroidManifest.xml:38:13-107
	android:value
		ADDED from MASS\android\AndroidManifest.xml:38:60-105
	android:name
		ADDED from MASS\android\AndroidManifest.xml:38:24-59
meta-data#android.app.qt_sources_resource_id
ADDED from MASS\android\AndroidManifest.xml:39:13-112
	android:resource
		ADDED from MASS\android\AndroidManifest.xml:39:74-110
	android:name
		ADDED from MASS\android\AndroidManifest.xml:39:24-73
meta-data#android.app.repository
ADDED from MASS\android\AndroidManifest.xml:40:13-87
	android:value
		ADDED from MASS\android\AndroidManifest.xml:40:62-85
	android:name
		ADDED from MASS\android\AndroidManifest.xml:40:24-61
meta-data#android.app.qt_libs_resource_id
ADDED from MASS\android\AndroidManifest.xml:41:13-106
	android:resource
		ADDED from MASS\android\AndroidManifest.xml:41:71-104
	android:name
		ADDED from MASS\android\AndroidManifest.xml:41:24-70
meta-data#android.app.bundled_libs_resource_id
ADDED from MASS\android\AndroidManifest.xml:42:13-116
	android:resource
		ADDED from MASS\android\AndroidManifest.xml:42:76-114
	android:name
		ADDED from MASS\android\AndroidManifest.xml:42:24-75
meta-data#android.app.bundle_local_qt_libs
ADDED from MASS\android\AndroidManifest.xml:44:13-120
	android:value
		ADDED from MASS\android\AndroidManifest.xml:44:72-118
	android:name
		ADDED from MASS\android\AndroidManifest.xml:44:24-71
meta-data#android.app.bundled_in_lib_resource_id
ADDED from MASS\android\AndroidManifest.xml:45:13-120
	android:resource
		ADDED from MASS\android\AndroidManifest.xml:45:78-118
	android:name
		ADDED from MASS\android\AndroidManifest.xml:45:24-77
meta-data#android.app.bundled_in_assets_resource_id
ADDED from MASS\android\AndroidManifest.xml:46:13-126
	android:resource
		ADDED from MASS\android\AndroidManifest.xml:46:81-124
	android:name
		ADDED from MASS\android\AndroidManifest.xml:46:24-80
meta-data#android.app.use_local_qt_libs
ADDED from MASS\android\AndroidManifest.xml:48:13-114
	android:value
		ADDED from MASS\android\AndroidManifest.xml:48:69-112
	android:name
		ADDED from MASS\android\AndroidManifest.xml:48:24-68
meta-data#android.app.libs_prefix
ADDED from MASS\android\AndroidManifest.xml:49:13-100
	android:value
		ADDED from MASS\android\AndroidManifest.xml:49:63-98
	android:name
		ADDED from MASS\android\AndroidManifest.xml:49:24-62
meta-data#android.app.load_local_libs
ADDED from MASS\android\AndroidManifest.xml:50:13-112
	android:value
		ADDED from MASS\android\AndroidManifest.xml:50:67-110
	android:name
		ADDED from MASS\android\AndroidManifest.xml:50:24-66
meta-data#android.app.load_local_jars
ADDED from MASS\android\AndroidManifest.xml:51:13-112
	android:value
		ADDED from MASS\android\AndroidManifest.xml:51:67-110
	android:name
		ADDED from MASS\android\AndroidManifest.xml:51:24-66
meta-data#android.app.static_init_classes
ADDED from MASS\android\AndroidManifest.xml:52:13-118
	android:value
		ADDED from MASS\android\AndroidManifest.xml:52:71-116
	android:name
		ADDED from MASS\android\AndroidManifest.xml:52:24-70
meta-data#android.app.ministro_not_found_msg
ADDED from MASS\android\AndroidManifest.xml:54:13-122
	android:value
		ADDED from MASS\android\AndroidManifest.xml:54:74-120
	android:name
		ADDED from MASS\android\AndroidManifest.xml:54:24-73
meta-data#android.app.ministro_needed_msg
ADDED from MASS\android\AndroidManifest.xml:55:13-116
	android:value
		ADDED from MASS\android\AndroidManifest.xml:55:71-114
	android:name
		ADDED from MASS\android\AndroidManifest.xml:55:24-70
meta-data#android.app.fatal_error_msg
ADDED from MASS\android\AndroidManifest.xml:56:13-108
	android:value
		ADDED from MASS\android\AndroidManifest.xml:56:67-106
	android:name
		ADDED from MASS\android\AndroidManifest.xml:56:24-66
meta-data#android.app.background_running
ADDED from MASS\android\AndroidManifest.xml:73:13-92
	android:value
		ADDED from MASS\android\AndroidManifest.xml:73:70-90
	android:name
		ADDED from MASS\android\AndroidManifest.xml:73:24-69
meta-data#android.app.auto_screen_scale_factor
ADDED from MASS\android\AndroidManifest.xml:78:13-99
	android:value
		ADDED from MASS\android\AndroidManifest.xml:78:76-97
	android:name
		ADDED from MASS\android\AndroidManifest.xml:78:24-75
meta-data#android.app.extract_android_style
ADDED from MASS\android\AndroidManifest.xml:89:13-95
	android:value
		ADDED from MASS\android\AndroidManifest.xml:89:73-93
	android:name
		ADDED from MASS\android\AndroidManifest.xml:89:24-72
receiver#com.mass.mainapp.AlarmReceiver
ADDED from MASS\android\AndroidManifest.xml:95:9-97
	android:enabled
		ADDED from MASS\android\AndroidManifest.xml:95:49-71
	android:exported
		ADDED from MASS\android\AndroidManifest.xml:95:72-95
	android:name
		ADDED from MASS\android\AndroidManifest.xml:95:19-48
uses-permission#android.permission.VIBRATE
ADDED from MASS\android\AndroidManifest.xml:98:1-61
	android:name
		ADDED from MASS\android\AndroidManifest.xml:98:18-59
uses-permission#android.permission.WAKE_LOCK
ADDED from MASS\android\AndroidManifest.xml:99:1-63
	android:name
		ADDED from MASS\android\AndroidManifest.xml:99:18-61